[
  {
    "line": 3,
    "elements": [
      {
        "start_timestamp": "2023-03-02T04:02:37.831Z",
        "before": [
          {
            "output": [
              "Browser got invoked"
            ],
            "result": {
              "duration": 6754640300,
              "status": "passed"
            },
            "match": {
              "location": "vit.Aoutomation.stepdefs.StepDef.Setup(io.cucumber.java.Scenario)"
            }
          }
        ],
        "line": 6,
        "name": "User is able to Open the application and able to perform search opeartion",
        "description": "",
        "id": "e-commerce-project-web-site-health-check;user-is-able-to-open-the-application-and-able-to-perform-search-opeartion",
        "after": [
          {
            "output": [
              "Browser got closed"
            ],
            "result": {
              "duration": 509345400,
              "status": "passed"
            },
            "match": {
              "location": "vit.Aoutomation.stepdefs.StepDef.tearDown()"
            }
          }
        ],
        "type": "scenario",
        "keyword": "Scenario",
        "steps": [
          {
            "output": [
              "User navigated to the landing page of application"
            ],
            "result": {
              "duration": 7060287400,
              "status": "passed"
            },
            "line": 8,
            "name": "User navigated to the landing page of application",
            "match": {
              "location": "vit.Aoutomation.stepdefs.StepDef.user_navigated_to_the_landing_page_of_application()"
            },
            "keyword": "Given "
          },
          {
            "output": [
              "User Searched for product "
            ],
            "result": {
              "duration": 8855414000,
              "status": "passed"
            },
            "line": 9,
            "name": "User Search for product \"fridge\"",
            "match": {
              "arguments": [
                {
                  "val": "\"fridge\"",
                  "offset": 24
                }
              ],
              "location": "vit.Aoutomation.stepdefs.StepDef.user_search_for_product(java.lang.String)"
            },
            "keyword": "When "
          },
          {
            "result": {
              "error_message": "io.cucumber.core.exception.CucumberException: Step [Search Result page is displayed] is defined with 1 parameters at \u0027vit.Aoutomation.stepdefs.StepDef.search_result_page_is_displayed(java.lang.String)\u0027.\nHowever, the gherkin step has 0 arguments.\nStep text: Search Result page is displayed\r\n\tat io.cucumber.core.runner.PickleStepDefinitionMatch.arityMismatch(PickleStepDefinitionMatch.java:83)\r\n\tat io.cucumber.core.runner.PickleStepDefinitionMatch.runStep(PickleStepDefinitionMatch.java:42)\r\n\tat io.cucumber.core.runner.ExecutionMode$1.execute(ExecutionMode.java:10)\r\n\tat io.cucumber.core.runner.TestStep.executeStep(TestStep.java:92)\r\n\tat io.cucumber.core.runner.TestStep.run(TestStep.java:64)\r\n\tat io.cucumber.core.runner.PickleStepTestStep.run(PickleStepTestStep.java:51)\r\n\tat io.cucumber.core.runner.TestCase.run(TestCase.java:104)\r\n\tat io.cucumber.core.runner.Runner.runPickle(Runner.java:71)\r\n\tat io.cucumber.junit.PickleRunners$NoStepDescriptions.run(PickleRunners.java:151)\r\n\tat io.cucumber.junit.FeatureRunner.runChild(FeatureRunner.java:135)\r\n\tat io.cucumber.junit.FeatureRunner.runChild(FeatureRunner.java:27)\r\n\tat org.junit.runners.ParentRunner$3.run(ParentRunner.java:290)\r\n\tat org.junit.runners.ParentRunner$1.schedule(ParentRunner.java:71)\r\n\tat org.junit.runners.ParentRunner.runChildren(ParentRunner.java:288)\r\n\tat org.junit.runners.ParentRunner.access$000(ParentRunner.java:58)\r\n\tat org.junit.runners.ParentRunner$2.evaluate(ParentRunner.java:268)\r\n\tat org.junit.runners.ParentRunner.run(ParentRunner.java:363)\r\n\tat io.cucumber.junit.Cucumber.runChild(Cucumber.java:199)\r\n\tat io.cucumber.junit.Cucumber.runChild(Cucumber.java:90)\r\n\tat org.junit.runners.ParentRunner$3.run(ParentRunner.java:290)\r\n\tat org.junit.runners.ParentRunner$1.schedule(ParentRunner.java:71)\r\n\tat org.junit.runners.ParentRunner.runChildren(ParentRunner.java:288)\r\n\tat org.junit.runners.ParentRunner.access$000(ParentRunner.java:58)\r\n\tat org.junit.runners.ParentRunner$2.evaluate(ParentRunner.java:268)\r\n\tat io.cucumber.junit.Cucumber$RunCucumber.evaluate(Cucumber.java:234)\r\n\tat org.junit.runners.ParentRunner.run(ParentRunner.java:363)\r\n\tat org.eclipse.jdt.internal.junit4.runner.JUnit4TestReference.run(JUnit4TestReference.java:93)\r\n\tat org.eclipse.jdt.internal.junit.runner.TestExecution.run(TestExecution.java:40)\r\n\tat org.eclipse.jdt.internal.junit.runner.RemoteTestRunner.runTests(RemoteTestRunner.java:529)\r\n\tat org.eclipse.jdt.internal.junit.runner.RemoteTestRunner.runTests(RemoteTestRunner.java:756)\r\n\tat org.eclipse.jdt.internal.junit.runner.RemoteTestRunner.run(RemoteTestRunner.java:452)\r\n\tat org.eclipse.jdt.internal.junit.runner.RemoteTestRunner.main(RemoteTestRunner.java:210)\r\n",
              "duration": 4997500,
              "status": "failed"
            },
            "line": 10,
            "name": "Search Result page is displayed",
            "match": {
              "location": "vit.Aoutomation.stepdefs.StepDef.search_result_page_is_displayed(java.lang.String)"
            },
            "keyword": "Then "
          }
        ],
        "tags": [
          {
            "name": "@ui"
          },
          {
            "name": "@healthCheak"
          },
          {
            "name": "@Search"
          }
        ]
      },
      {
        "start_timestamp": "2023-03-02T04:03:01.294Z",
        "before": [
          {
            "output": [
              "Browser got invoked"
            ],
            "result": {
              "duration": 2797648300,
              "status": "passed"
            },
            "match": {
              "location": "vit.Aoutomation.stepdefs.StepDef.Setup(io.cucumber.java.Scenario)"
            }
          }
        ],
        "line": 14,
        "name": "User is able to Open the application and able to perform search opeartion",
        "description": "",
        "id": "e-commerce-project-web-site-health-check;user-is-able-to-open-the-application-and-able-to-perform-search-opeartion",
        "after": [
          {
            "output": [
              "Browser got closed"
            ],
            "result": {
              "duration": 430599500,
              "status": "passed"
            },
            "match": {
              "location": "vit.Aoutomation.stepdefs.StepDef.tearDown()"
            }
          }
        ],
        "type": "scenario",
        "keyword": "Scenario",
        "steps": [
          {
            "output": [
              "User navigated to the landing page of application"
            ],
            "result": {
              "duration": 5876378000,
              "status": "passed"
            },
            "line": 16,
            "name": "User navigated to the landing page of application",
            "match": {
              "location": "vit.Aoutomation.stepdefs.StepDef.user_navigated_to_the_landing_page_of_application()"
            },
            "keyword": "Given "
          },
          {
            "output": [
              "User Searched for product "
            ],
            "result": {
              "duration": 9988425100,
              "status": "passed"
            },
            "line": 17,
            "name": "User Search for product \"mobiles\"",
            "match": {
              "arguments": [
                {
                  "val": "\"mobiles\"",
                  "offset": 24
                }
              ],
              "location": "vit.Aoutomation.stepdefs.StepDef.user_search_for_product(java.lang.String)"
            },
            "keyword": "When "
          },
          {
            "result": {
              "error_message": "io.cucumber.core.exception.CucumberException: Step [Search Result page is displayed] is defined with 1 parameters at \u0027vit.Aoutomation.stepdefs.StepDef.search_result_page_is_displayed(java.lang.String)\u0027.\nHowever, the gherkin step has 0 arguments.\nStep text: Search Result page is displayed\r\n\tat io.cucumber.core.runner.PickleStepDefinitionMatch.arityMismatch(PickleStepDefinitionMatch.java:83)\r\n\tat io.cucumber.core.runner.PickleStepDefinitionMatch.runStep(PickleStepDefinitionMatch.java:42)\r\n\tat io.cucumber.core.runner.ExecutionMode$1.execute(ExecutionMode.java:10)\r\n\tat io.cucumber.core.runner.TestStep.executeStep(TestStep.java:92)\r\n\tat io.cucumber.core.runner.TestStep.run(TestStep.java:64)\r\n\tat io.cucumber.core.runner.PickleStepTestStep.run(PickleStepTestStep.java:51)\r\n\tat io.cucumber.core.runner.TestCase.run(TestCase.java:104)\r\n\tat io.cucumber.core.runner.Runner.runPickle(Runner.java:71)\r\n\tat io.cucumber.junit.PickleRunners$NoStepDescriptions.run(PickleRunners.java:151)\r\n\tat io.cucumber.junit.FeatureRunner.runChild(FeatureRunner.java:135)\r\n\tat io.cucumber.junit.FeatureRunner.runChild(FeatureRunner.java:27)\r\n\tat org.junit.runners.ParentRunner$3.run(ParentRunner.java:290)\r\n\tat org.junit.runners.ParentRunner$1.schedule(ParentRunner.java:71)\r\n\tat org.junit.runners.ParentRunner.runChildren(ParentRunner.java:288)\r\n\tat org.junit.runners.ParentRunner.access$000(ParentRunner.java:58)\r\n\tat org.junit.runners.ParentRunner$2.evaluate(ParentRunner.java:268)\r\n\tat org.junit.runners.ParentRunner.run(ParentRunner.java:363)\r\n\tat io.cucumber.junit.Cucumber.runChild(Cucumber.java:199)\r\n\tat io.cucumber.junit.Cucumber.runChild(Cucumber.java:90)\r\n\tat org.junit.runners.ParentRunner$3.run(ParentRunner.java:290)\r\n\tat org.junit.runners.ParentRunner$1.schedule(ParentRunner.java:71)\r\n\tat org.junit.runners.ParentRunner.runChildren(ParentRunner.java:288)\r\n\tat org.junit.runners.ParentRunner.access$000(ParentRunner.java:58)\r\n\tat org.junit.runners.ParentRunner$2.evaluate(ParentRunner.java:268)\r\n\tat io.cucumber.junit.Cucumber$RunCucumber.evaluate(Cucumber.java:234)\r\n\tat org.junit.runners.ParentRunner.run(ParentRunner.java:363)\r\n\tat org.eclipse.jdt.internal.junit4.runner.JUnit4TestReference.run(JUnit4TestReference.java:93)\r\n\tat org.eclipse.jdt.internal.junit.runner.TestExecution.run(TestExecution.java:40)\r\n\tat org.eclipse.jdt.internal.junit.runner.RemoteTestRunner.runTests(RemoteTestRunner.java:529)\r\n\tat org.eclipse.jdt.internal.junit.runner.RemoteTestRunner.runTests(RemoteTestRunner.java:756)\r\n\tat org.eclipse.jdt.internal.junit.runner.RemoteTestRunner.run(RemoteTestRunner.java:452)\r\n\tat org.eclipse.jdt.internal.junit.runner.RemoteTestRunner.main(RemoteTestRunner.java:210)\r\n",
              "duration": 999800,
              "status": "failed"
            },
            "line": 18,
            "name": "Search Result page is displayed",
            "match": {
              "location": "vit.Aoutomation.stepdefs.StepDef.search_result_page_is_displayed(java.lang.String)"
            },
            "keyword": "Then "
          }
        ],
        "tags": [
          {
            "name": "@ui"
          },
          {
            "name": "@healthCheak"
          },
          {
            "name": "@Search"
          }
        ]
      },
      {
        "start_timestamp": "2023-03-02T04:03:20.442Z",
        "before": [
          {
            "output": [
              "Browser got invoked"
            ],
            "result": {
              "duration": 1868869000,
              "status": "passed"
            },
            "match": {
              "location": "vit.Aoutomation.stepdefs.StepDef.Setup(io.cucumber.java.Scenario)"
            }
          }
        ],
        "line": 36,
        "name": "User is click on the Product and check the Product Details",
        "description": "",
        "id": "e-commerce-project-web-site-health-check;user-is-click-on-the-product-and-check-the-product-details",
        "after": [
          {
            "output": [
              "Browser got closed"
            ],
            "result": {
              "duration": 413597300,
              "status": "passed"
            },
            "match": {
              "location": "vit.Aoutomation.stepdefs.StepDef.tearDown()"
            }
          }
        ],
        "type": "scenario",
        "keyword": "Scenario",
        "steps": [
          {
            "output": [
              "User navigated to the landing page of application"
            ],
            "result": {
              "duration": 4509457100,
              "status": "passed"
            },
            "line": 38,
            "name": "User navigated to the landing page of application",
            "match": {
              "location": "vit.Aoutomation.stepdefs.StepDef.user_navigated_to_the_landing_page_of_application()"
            },
            "keyword": "Given "
          },
          {
            "output": [
              "User Searched for product "
            ],
            "result": {
              "duration": 5791929000,
              "status": "passed"
            },
            "line": 39,
            "name": "User Search for product \"Laptop\"",
            "match": {
              "arguments": [
                {
                  "val": "\"Laptop\"",
                  "offset": 24
                }
              ],
              "location": "vit.Aoutomation.stepdefs.StepDef.user_search_for_product(java.lang.String)"
            },
            "keyword": "And "
          },
          {
            "output": [
              "User click on  product"
            ],
            "result": {
              "duration": 10024326100,
              "status": "passed"
            },
            "line": 40,
            "name": "User click on any product",
            "match": {
              "location": "vit.Aoutomation.stepdefs.StepDef.user_click_on_any_product()"
            },
            "keyword": "When "
          },
          {
            "result": {
              "error_message": "java.util.NoSuchElementException\r\n\tat java.base/java.util.LinkedHashMap$LinkedHashIterator.nextNode(LinkedHashMap.java:758)\r\n\tat java.base/java.util.LinkedHashMap$LinkedKeyIterator.next(LinkedHashMap.java:778)\r\n\tat vit.Aoutomation.stepdefs.StepDef.product_description_is_displayed_in_new_tab(StepDef.java:123)\r\n\tat âœ½.Product Description is displayed in new tab(classpath:features/HealthCheak.feature:41)\r\n",
              "duration": 7995700,
              "status": "failed"
            },
            "line": 41,
            "name": "Product Description is displayed in new tab",
            "match": {
              "location": "vit.Aoutomation.stepdefs.StepDef.product_description_is_displayed_in_new_tab()"
            },
            "keyword": "Then "
          }
        ],
        "tags": [
          {
            "name": "@ui"
          },
          {
            "name": "@healthCheak"
          },
          {
            "name": "@prodDesc"
          }
        ]
      }
    ],
    "name": "E-commerce Project Web Site Health Check",
    "description": "",
    "id": "e-commerce-project-web-site-health-check",
    "keyword": "Feature",
    "uri": "classpath:features/HealthCheak.feature",
    "tags": [
      {
        "name": "@ui",
        "type": "Tag",
        "location": {
          "line": 1,
          "column": 1
        }
      },
      {
        "name": "@healthCheak",
        "type": "Tag",
        "location": {
          "line": 1,
          "column": 5
        }
      }
    ]
  }
]